Start of Chaos App
Start Init SDL
Creating vulkan context
Creating instance
WARNING-CreateInstance-status-message(INFO / SPEC): msgNum: 601872502 - Validation Information: [ WARNING-CreateInstance-status-message ] Object 0: handle = 0x22fb9761a10, type = VK_OBJECT_TYPE_INSTANCE; | MessageID = 0x23dfd876 | vkCreateInstance():  Khronos Validation Layer Active:
    Settings File: Found at C:\Users\razvan\AppData\Local\LunarG\vkconfig\override\vk_layer_settings.txt specified by VkConfig application override.
    Current Enables: None.
    Current Disables: None.

    Objects: 1
        [0] 0x22fb9761a10, type: 1, name: NULL
Instance created
--------------------------
extensions
VK_KHR_device_group_creation
VK_KHR_external_fence_capabilities
VK_KHR_external_memory_capabilities
VK_KHR_external_semaphore_capabilities
VK_KHR_get_physical_device_properties2
VK_KHR_get_surface_capabilities2
VK_KHR_surface
VK_KHR_surface_protected_capabilities
VK_KHR_win32_surface
VK_EXT_debug_report
VK_EXT_debug_utils
VK_EXT_surface_maintenance1
VK_EXT_swapchain_colorspace
VK_NV_external_memory_capabilities
VK_KHR_portability_enumeration
VK_LUNARG_direct_driver_loading
VK_EXT_validation_features
--------------------------
--------------------------
Queue Indices:
  Graphics: 0
  Present: 0
--------------------------
SPIR-V CODE :  [3, 2, 35, 7, 0, 0, 1, 0, 11, 0, 13, 0, 33, 0, 0, 0, 0, 0, 0, 0, 17, 0, 2, 0, 1, 0, 0, 0, 11, 0, 6, 0, 1, 0, 0, 0, 71, 76, 83, 76, 46, 115, 116, 100, 46, 52, 53, 48, 0, 0, 0, 0, 14, 0, 3, 0, 0, 0, 0, 0, 1, 0, 0, 0, 15, 0, 9, 0, 0, 0, 0, 0, 4, 0, 0, 0, 109, 97, 105, 110, 0, 0, 0, 0, 13, 0, 0, 0, 18, 0, 0, 0, 29, 0, 0, 0, 31, 0, 0, 0, 72, 0, 5, 0, 11, 0, 0, 0, 0, 0, 0, 0, 11, 0, 0, 0, 0, 0, 0, 0, 72, 0, 5, 0, 11, 0, 0, 0, 1, 0, 0, 0, 11, 0, 0, 0, 1, 0, 0, 0, 72, 0, 5, 0, 11, 0, 0, 0, 2, 0, 0, 0, 11, 0, 0, 0, 3, 0, 0, 0, 72, 0, 5, 0, 11, 0, 0, 0, 3, 0, 0, 0, 11, 0, 0, 0, 4, 0, 0, 0, 71, 0, 3, 0, 11, 0, 0, 0, 2, 0, 0, 0, 71, 0, 4, 0, 18, 0, 0, 0, 30, 0, 0, 0, 0, 0, 0, 0, 71, 0, 4, 0, 29, 0, 0, 0, 30, 0, 0, 0, 0, 0, 0, 0, 71, 0, 4, 0, 31, 0, 0, 0, 30, 0, 0, 0, 1, 0, 0, 0, 19, 0, 2, 0, 2, 0, 0, 0, 33, 0, 3, 0, 3, 0, 0, 0, 2, 0, 0, 0, 22, 0, 3, 0, 6, 0, 0, 0, 32, 0, 0, 0, 23, 0, 4, 0, 7, 0, 0, 0, 6, 0, 0, 0, 4, 0, 0, 0, 21, 0, 4, 0, 8, 0, 0, 0, 32, 0, 0, 0, 0, 0, 0, 0, 43, 0, 4, 0, 8, 0, 0, 0, 9, 0, 0, 0, 1, 0, 0, 0, 28, 0, 4, 0, 10, 0, 0, 0, 6, 0, 0, 0, 9, 0, 0, 0, 30, 0, 6, 0, 11, 0, 0, 0, 7, 0, 0, 0, 6, 0, 0, 0, 10, 0, 0, 0, 10, 0, 0, 0, 32, 0, 4, 0, 12, 0, 0, 0, 3, 0, 0, 0, 11, 0, 0, 0, 59, 0, 4, 0, 12, 0, 0, 0, 13, 0, 0, 0, 3, 0, 0, 0, 21, 0, 4, 0, 14, 0, 0, 0, 32, 0, 0, 0, 1, 0, 0, 0, 43, 0, 4, 0, 14, 0, 0, 0, 15, 0, 0, 0, 0, 0, 0, 0, 23, 0, 4, 0, 16, 0, 0, 0, 6, 0, 0, 0, 2, 0, 0, 0, 32, 0, 4, 0, 17, 0, 0, 0, 1, 0, 0, 0, 16, 0, 0, 0, 59, 0, 4, 0, 17, 0, 0, 0, 18, 0, 0, 0, 1, 0, 0, 0, 43, 0, 4, 0, 6, 0, 0, 0, 20, 0, 0, 0, 0, 0, 0, 0, 43, 0, 4, 0, 6, 0, 0, 0, 21, 0, 0, 0, 0, 0, 128, 63, 32, 0, 4, 0, 25, 0, 0, 0, 3, 0, 0, 0, 7, 0, 0, 0, 23, 0, 4, 0, 27, 0, 0, 0, 6, 0, 0, 0, 3, 0, 0, 0, 32, 0, 4, 0, 28, 0, 0, 0, 3, 0, 0, 0, 27, 0, 0, 0, 59, 0, 4, 0, 28, 0, 0, 0, 29, 0, 0, 0, 3, 0, 0, 0, 32, 0, 4, 0, 30, 0, 0, 0, 1, 0, 0, 0, 27, 0, 0, 0, 59, 0, 4, 0, 30, 0, 0, 0, 31, 0, 0, 0, 1, 0, 0, 0, 54, 0, 5, 0, 2, 0, 0, 0, 4, 0, 0, 0, 0, 0, 0, 0, 3, 0, 0, 0, 248, 0, 2, 0, 5, 0, 0, 0, 61, 0, 4, 0, 16, 0, 0, 0, 19, 0, 0, 0, 18, 0, 0, 0, 81, 0, 5, 0, 6, 0, 0, 0, 22, 0, 0, 0, 19, 0, 0, 0, 0, 0, 0, 0, 81, 0, 5, 0, 6, 0, 0, 0, 23, 0, 0, 0, 19, 0, 0, 0, 1, 0, 0, 0, 80, 0, 7, 0, 7, 0, 0, 0, 24, 0, 0, 0, 22, 0, 0, 0, 23, 0, 0, 0, 20, 0, 0, 0, 21, 0, 0, 0, 65, 0, 5, 0, 25, 0, 0, 0, 26, 0, 0, 0, 13, 0, 0, 0, 15, 0, 0, 0, 62, 0, 3, 0, 26, 0, 0, 0, 24, 0, 0, 0, 61, 0, 4, 0, 27, 0, 0, 0, 32, 0, 0, 0, 31, 0, 0, 0, 62, 0, 3, 0, 29, 0, 0, 0, 32, 0, 0, 0, 253, 0, 1, 0, 56, 0, 1, 0]
SPIR-V CODE :  [3, 2, 35, 7, 0, 0, 1, 0, 11, 0, 13, 0, 19, 0, 0, 0, 0, 0, 0, 0, 17, 0, 2, 0, 1, 0, 0, 0, 11, 0, 6, 0, 1, 0, 0, 0, 71, 76, 83, 76, 46, 115, 116, 100, 46, 52, 53, 48, 0, 0, 0, 0, 14, 0, 3, 0, 0, 0, 0, 0, 1, 0, 0, 0, 15, 0, 7, 0, 4, 0, 0, 0, 4, 0, 0, 0, 109, 97, 105, 110, 0, 0, 0, 0, 9, 0, 0, 0, 12, 0, 0, 0, 16, 0, 3, 0, 4, 0, 0, 0, 7, 0, 0, 0, 71, 0, 4, 0, 9, 0, 0, 0, 30, 0, 0, 0, 0, 0, 0, 0, 71, 0, 4, 0, 12, 0, 0, 0, 30, 0, 0, 0, 0, 0, 0, 0, 19, 0, 2, 0, 2, 0, 0, 0, 33, 0, 3, 0, 3, 0, 0, 0, 2, 0, 0, 0, 22, 0, 3, 0, 6, 0, 0, 0, 32, 0, 0, 0, 23, 0, 4, 0, 7, 0, 0, 0, 6, 0, 0, 0, 4, 0, 0, 0, 32, 0, 4, 0, 8, 0, 0, 0, 3, 0, 0, 0, 7, 0, 0, 0, 59, 0, 4, 0, 8, 0, 0, 0, 9, 0, 0, 0, 3, 0, 0, 0, 23, 0, 4, 0, 10, 0, 0, 0, 6, 0, 0, 0, 3, 0, 0, 0, 32, 0, 4, 0, 11, 0, 0, 0, 1, 0, 0, 0, 10, 0, 0, 0, 59, 0, 4, 0, 11, 0, 0, 0, 12, 0, 0, 0, 1, 0, 0, 0, 43, 0, 4, 0, 6, 0, 0, 0, 14, 0, 0, 0, 0, 0, 128, 63, 54, 0, 5, 0, 2, 0, 0, 0, 4, 0, 0, 0, 0, 0, 0, 0, 3, 0, 0, 0, 248, 0, 2, 0, 5, 0, 0, 0, 61, 0, 4, 0, 10, 0, 0, 0, 13, 0, 0, 0, 12, 0, 0, 0, 81, 0, 5, 0, 6, 0, 0, 0, 15, 0, 0, 0, 13, 0, 0, 0, 0, 0, 0, 0, 81, 0, 5, 0, 6, 0, 0, 0, 16, 0, 0, 0, 13, 0, 0, 0, 1, 0, 0, 0, 81, 0, 5, 0, 6, 0, 0, 0, 17, 0, 0, 0, 13, 0, 0, 0, 2, 0, 0, 0, 80, 0, 7, 0, 7, 0, 0, 0, 18, 0, 0, 0, 15, 0, 0, 0, 16, 0, 0, 0, 17, 0, 0, 0, 14, 0, 0, 0, 62, 0, 3, 0, 9, 0, 0, 0, 18, 0, 0, 0, 253, 0, 1, 0, 56, 0, 1, 0]
Vulkan context created

# INIT SUCCESFULL
Resizing Event
Quit Event
END of Chaos App
VUID-vkDestroyDevice-device-05137(ERROR / SPEC): msgNum: 1215490720 - Validation Error: [ VUID-vkDestroyDevice-device-05137 ] Object 0: handle = 0x22fbd6f7760, type = VK_OBJECT_TYPE_COMMAND_BUFFER; | MessageID = 0x4872eaa0 | vkCreateDevice():  OBJ ERROR : For VkDevice 0x22fbd1c0880[], VkCommandBuffer 0x22fbd6f7760[] has not been destroyed. The Vulkan spec states: All child objects created on device must have been destroyed prior to destroying device (https://vulkan.lunarg.com/doc/view/1.3.275.0/windows/1.3-extensions/vkspec.html#VUID-vkDestroyDevice-device-05137)
    Objects: 1
        [0] 0x22fbd6f7760, type: 6, name: NULL
VUID-vkDestroyDevice-device-05137(ERROR / SPEC): msgNum: 1215490720 - Validation Error: [ VUID-vkDestroyDevice-device-05137 ] Object 0: handle = 0x22fc2b16db0, type = VK_OBJECT_TYPE_COMMAND_BUFFER; | MessageID = 0x4872eaa0 | vkCreateDevice():  OBJ ERROR : For VkDevice 0x22fbd1c0880[], VkCommandBuffer 0x22fc2b16db0[] has not been destroyed. The Vulkan spec states: All child objects created on device must have been destroyed prior to destroying device (https://vulkan.lunarg.com/doc/view/1.3.275.0/windows/1.3-extensions/vkspec.html#VUID-vkDestroyDevice-device-05137)
    Objects: 1
        [0] 0x22fc2b16db0, type: 6, name: NULL
VUID-vkDestroyDevice-device-05137(ERROR / SPEC): msgNum: 1215490720 - Validation Error: [ VUID-vkDestroyDevice-device-05137 ] Object 0: handle = 0xd10d270000000018, type = VK_OBJECT_TYPE_BUFFER; | MessageID = 0x4872eaa0 | vkCreateDevice():  OBJ ERROR : For VkDevice 0x22fbd1c0880[], VkBuffer 0xd10d270000000018[] has not been destroyed. The Vulkan spec states: All child objects created on device must have been destroyed prior to destroying device (https://vulkan.lunarg.com/doc/view/1.3.275.0/windows/1.3-extensions/vkspec.html#VUID-vkDestroyDevice-device-05137)
    Objects: 1
        [0] 0xd10d270000000018, type: 9, name: NULL
VUID-vkDestroyDevice-device-05137(ERROR / SPEC): msgNum: 1215490720 - Validation Error: [ VUID-vkDestroyDevice-device-05137 ] Object 0: handle = 0x9fde6b0000000014, type = VK_OBJECT_TYPE_BUFFER; | MessageID = 0x4872eaa0 | vkCreateDevice():  OBJ ERROR : For VkDevice 0x22fbd1c0880[], VkBuffer 0x9fde6b0000000014[] has not been destroyed. The Vulkan spec states: All child objects created on device must have been destroyed prior to destroying device (https://vulkan.lunarg.com/doc/view/1.3.275.0/windows/1.3-extensions/vkspec.html#VUID-vkDestroyDevice-device-05137)
    Objects: 1
        [0] 0x9fde6b0000000014, type: 9, name: NULL
VUID-vkDestroyDevice-device-05137(ERROR / SPEC): msgNum: 1215490720 - Validation Error: [ VUID-vkDestroyDevice-device-05137 ] Object 0: handle = 0xcfcda0000000001e, type = VK_OBJECT_TYPE_SEMAPHORE; | MessageID = 0x4872eaa0 | vkCreateDevice():  OBJ ERROR : For VkDevice 0x22fbd1c0880[], VkSemaphore 0xcfcda0000000001e[] has not been destroyed. The Vulkan spec states: All child objects created on device must have been destroyed prior to destroying device (https://vulkan.lunarg.com/doc/view/1.3.275.0/windows/1.3-extensions/vkspec.html#VUID-vkDestroyDevice-device-05137)
    Objects: 1
        [0] 0xcfcda0000000001e, type: 5, name: NULL
VUID-vkDestroyDevice-device-05137(ERROR / SPEC): msgNum: 1215490720 - Validation Error: [ VUID-vkDestroyDevice-device-05137 ] Object 0: handle = 0x95a125000000001a, type = VK_OBJECT_TYPE_SEMAPHORE; | MessageID = 0x4872eaa0 | vkCreateDevice():  OBJ ERROR : For VkDevice 0x22fbd1c0880[], VkSemaphore 0x95a125000000001a[] has not been destroyed. The Vulkan spec states: All child objects created on device must have been destroyed prior to destroying device (https://vulkan.lunarg.com/doc/view/1.3.275.0/windows/1.3-extensions/vkspec.html#VUID-vkDestroyDevice-device-05137)
    Objects: 1
        [0] 0x95a125000000001a, type: 5, name: NULL
VUID-vkDestroyDevice-device-05137(ERROR / SPEC): msgNum: 1215490720 - Validation Error: [ VUID-vkDestroyDevice-device-05137 ] Object 0: handle = 0xcb1c7c000000001b, type = VK_OBJECT_TYPE_SEMAPHORE; | MessageID = 0x4872eaa0 | vkCreateDevice():  OBJ ERROR : For VkDevice 0x22fbd1c0880[], VkSemaphore 0xcb1c7c000000001b[] has not been destroyed. The Vulkan spec states: All child objects created on device must have been destroyed prior to destroying device (https://vulkan.lunarg.com/doc/view/1.3.275.0/windows/1.3-extensions/vkspec.html#VUID-vkDestroyDevice-device-05137)
    Objects: 1
        [0] 0xcb1c7c000000001b, type: 5, name: NULL
VUID-vkDestroyDevice-device-05137(ERROR / SPEC): msgNum: 1215490720 - Validation Error: [ VUID-vkDestroyDevice-device-05137 ] Object 0: handle = 0x908683000000001d, type = VK_OBJECT_TYPE_SEMAPHORE; | MessageID = 0x4872eaa0 | vkCreateDevice():  OBJ ERROR : For VkDevice 0x22fbd1c0880[], VkSemaphore 0x908683000000001d[] has not been destroyed. The Vulkan spec states: All child objects created on device must have been destroyed prior to destroying device (https://vulkan.lunarg.com/doc/view/1.3.275.0/windows/1.3-extensions/vkspec.html#VUID-vkDestroyDevice-device-05137)
    Objects: 1
        [0] 0x908683000000001d, type: 5, name: NULL
VUID-vkDestroyDevice-device-05137(ERROR / SPEC): msgNum: 1215490720 - Validation Error: [ VUID-vkDestroyDevice-device-05137 ] Object 0: handle = 0x2e2941000000001f, type = VK_OBJECT_TYPE_FENCE; | MessageID = 0x4872eaa0 | vkCreateDevice():  OBJ ERROR : For VkDevice 0x22fbd1c0880[], VkFence 0x2e2941000000001f[] has not been destroyed. The Vulkan spec states: All child objects created on device must have been destroyed prior to destroying device (https://vulkan.lunarg.com/doc/view/1.3.275.0/windows/1.3-extensions/vkspec.html#VUID-vkDestroyDevice-device-05137)
    Objects: 1
        [0] 0x2e2941000000001f, type: 7, name: NULL
VUID-vkDestroyDevice-device-05137(ERROR / SPEC): msgNum: 1215490720 - Validation Error: [ VUID-vkDestroyDevice-device-05137 ] Object 0: handle = 0x2cfba2000000001c, type = VK_OBJECT_TYPE_FENCE; | MessageID = 0x4872eaa0 | vkCreateDevice():  OBJ ERROR : For VkDevice 0x22fbd1c0880[], VkFence 0x2cfba2000000001c[] has not been destroyed. The Vulkan spec states: All child objects created on device must have been destroyed prior to destroying device (https://vulkan.lunarg.com/doc/view/1.3.275.0/windows/1.3-extensions/vkspec.html#VUID-vkDestroyDevice-device-05137)
    Objects: 1
        [0] 0x2cfba2000000001c, type: 7, name: NULL
